{
  "stats": {
    "suites": 1,
    "tests": 1,
    "passes": 0,
    "pending": 0,
    "failures": 1,
    "start": "2023-01-27T17:50:05.664Z",
    "end": "2023-01-27T17:51:05.684Z",
    "duration": 60020,
    "testsRegistered": 1,
    "passPercent": 0,
    "pendingPercent": 0,
    "other": 0,
    "hasOther": false,
    "skipped": 0,
    "hasSkipped": false
  },
  "results": [
    {
      "uuid": "e3187bcc-e037-4382-be84-bc6a6f4aa116",
      "title": "",
      "fullFile": "D:\\BlockchainDev\\web2Stuffs\\MernStack_Projects\\BookMyShow-backend\\Book-A-Movie-Ticket-Fullstack-Boilerplate-main\\src\\__tests__\\backend.test.js",
      "file": "\\__tests__\\backend.test.js",
      "beforeHooks": [],
      "afterHooks": [],
      "tests": [],
      "suites": [
        {
          "uuid": "835ecc20-b242-4aa8-aeff-f1edfa8c0bfa",
          "title": "Creating document in MongoDB",
          "fullFile": "D:\\BlockchainDev\\web2Stuffs\\MernStack_Projects\\BookMyShow-backend\\Book-A-Movie-Ticket-Fullstack-Boilerplate-main\\src\\__tests__\\backend.test.js",
          "file": "\\__tests__\\backend.test.js",
          "beforeHooks": [],
          "afterHooks": [],
          "tests": [
            {
              "title": "Creates a new movie Booking",
              "fullTitle": "Creating document in MongoDB Creates a new movie Booking",
              "timedOut": true,
              "duration": 60014,
              "state": "failed",
              "speed": null,
              "pass": false,
              "fail": true,
              "pending": false,
              "context": null,
              "code": "const BookMovie = new BookMovieSchema({\n    movie: \"Avengers\",\n    slot: \"02:00 AM\",\n    seats: {\n        A1: 1,\n        A2: 1,\n        A3: 0,\n        A4: 1,\n        D1: 1,\n        D2: 1\n    }\n})\nBookMovie.save().then(() => {\n    assert(!newUser.isNew)\n    done()\n})",
              "err": {
                "message": "Error: Timeout of 60000ms exceeded. For async tests and hooks, ensure \"done()\" is called; if returning a Promise, ensure it resolves. (D:\\BlockchainDev\\web2Stuffs\\MernStack_Projects\\BookMyShow-backend\\Book-A-Movie-Ticket-Fullstack-Boilerplate-main\\src\\__tests__\\backend.test.js)",
                "estack": "Error: Timeout of 60000ms exceeded. For async tests and hooks, ensure \"done()\" is called; if returning a Promise, ensure it resolves. (D:\\BlockchainDev\\web2Stuffs\\MernStack_Projects\\BookMyShow-backend\\Book-A-Movie-Ticket-Fullstack-Boilerplate-main\\src\\__tests__\\backend.test.js)\n    at listOnTimeout (node:internal/timers:559:17)\n    at processTimers (node:internal/timers:502:7)",
                "diff": null
              },
              "uuid": "77e335a2-3aba-49ff-96df-95ea4a7d0edd",
              "parentUUID": "835ecc20-b242-4aa8-aeff-f1edfa8c0bfa",
              "isHook": false,
              "skipped": false
            }
          ],
          "suites": [],
          "passes": [],
          "failures": [
            "77e335a2-3aba-49ff-96df-95ea4a7d0edd"
          ],
          "pending": [],
          "skipped": [],
          "duration": 60014,
          "root": false,
          "rootEmpty": false,
          "_timeout": 60000
        }
      ],
      "passes": [],
      "failures": [],
      "pending": [],
      "skipped": [],
      "duration": 0,
      "root": true,
      "rootEmpty": true,
      "_timeout": 60000
    }
  ],
  "meta": {
    "mocha": {
      "version": "10.2.0"
    },
    "mochawesome": {
      "options": {
        "quiet": false,
        "reportFilename": "mochawesome",
        "saveHtml": true,
        "saveJson": true,
        "consoleReporter": "spec",
        "useInlineDiffs": false,
        "code": true
      },
      "version": "7.1.3"
    },
    "marge": {
      "options": null,
      "version": "6.2.0"
    }
  }
}